# JRE version: Java(TM) SE Runtime Environment (17.0.2+8) (build 17.0.2+8-LTS-86)
# Java VM: Java HotSpot(TM) 64-Bit Server VM (17.0.2+8-LTS-86, mixed mode, sharing, tiered, compressed oops, compressed class ptrs, g1 gc, windows-amd64)
GC Precious Log:
 CPUs: 12 total, 12 available
 Memory: 16196M
 Large Page Support: Disabled
 NUMA Support: Disabled
 Compressed Oops: Enabled (Zero based)
 Heap Region Size: 2M
 Heap Min Capacity: 8M
 Heap Initial Capacity: 254M
 Heap Max Capacity: 4050M
 Pre-touch: Disabled
 Parallel Workers: 10
 Concurrent Workers: 3
 Concurrent Refinement Workers: 10
 Periodic GC: Disabled
Heap:
 garbage-first heap   total 794624K, used 495053K [0x0000000702e00000, 0x0000000800000000)
  region size 2048K, 117 young (239616K), 7 survivors (14336K)
 Metaspace       used 37667K, committed 38144K, reserved 1089536K
  class space    used 4419K, committed 4672K, reserved 1048576K
GC Heap History (20 events):
Event: 2881.681 GC heap before
{Heap before GC invocations=1845 (full 0):
 garbage-first heap   total 794624K, used 496317K [0x0000000702e00000, 0x0000000800000000)
  region size 2048K, 119 young (243712K), 7 survivors (14336K)
 Metaspace       used 37665K, committed 38144K, reserved 1089536K
  class space    used 4419K, committed 4672K, reserved 1048576K
}
Event: 2881.684 GC heap after
{Heap after GC invocations=1846 (full 0):
 garbage-first heap   total 794624K, used 178371K [0x0000000702e00000, 0x0000000800000000)
  region size 2048K, 6 young (12288K), 6 survivors (12288K)
 Metaspace       used 37665K, committed 38144K, reserved 1089536K
  class space    used 4419K, committed 4672K, reserved 1048576K
}
Event: 2883.865 GC heap before
{Heap before GC invocations=1846 (full 0):
 garbage-first heap   total 794624K, used 401603K [0x0000000702e00000, 0x0000000800000000)
  region size 2048K, 72 young (147456K), 6 survivors (12288K)
 Metaspace       used 37665K, committed 38144K, reserved 1089536K
  class space    used 4419K, committed 4672K, reserved 1048576K
}
Event: 2883.868 GC heap after
{Heap after GC invocations=1847 (full 0):
 garbage-first heap   total 794624K, used 192731K [0x0000000702e00000, 0x0000000800000000)
  region size 2048K, 11 young (22528K), 11 survivors (22528K)
 Metaspace       used 37665K, committed 38144K, reserved 1089536K
  class space    used 4419K, committed 4672K, reserved 1048576K
}
Event: 2884.744 GC heap before
{Heap before GC invocations=1847 (full 0):
 garbage-first heap   total 794624K, used 321755K [0x0000000702e00000, 0x0000000800000000)
  region size 2048K, 33 young (67584K), 11 survivors (22528K)
 Metaspace       used 37665K, committed 38144K, reserved 1089536K
  class space    used 4419K, committed 4672K, reserved 1048576K
}
Event: 2884.747 GC heap after
{Heap after GC invocations=1848 (full 0):
 garbage-first heap   total 794624K, used 183014K [0x0000000702e00000, 0x0000000800000000)
  region size 2048K, 7 young (14336K), 7 survivors (14336K)
 Metaspace       used 37665K, committed 38144K, reserved 1089536K
  class space    used 4419K, committed 4672K, reserved 1048576K
}
Event: 2886.096 GC heap before
{Heap before GC invocations=1848 (full 0):
 garbage-first heap   total 794624K, used 312038K [0x0000000702e00000, 0x0000000800000000)
  region size 2048K, 28 young (57344K), 7 survivors (14336K)
 Metaspace       used 37665K, committed 38144K, reserved 1089536K
  class space    used 4419K, committed 4672K, reserved 1048576K
}
Event: 2886.098 GC heap after
{Heap after GC invocations=1849 (full 0):
 garbage-first heap   total 794624K, used 182633K [0x0000000702e00000, 0x0000000800000000)
  region size 2048K, 7 young (14336K), 7 survivors (14336K)
 Metaspace       used 37665K, committed 38144K, reserved 1089536K
  class space    used 4419K, committed 4672K, reserved 1048576K
}
Event: 2886.696 GC heap before
{Heap before GC invocations=1849 (full 0):
 garbage-first heap   total 794624K, used 311657K [0x0000000702e00000, 0x0000000800000000)
  region size 2048K, 27 young (55296K), 7 survivors (14336K)
 Metaspace       used 37665K, committed 38144K, reserved 1089536K
  class space    used 4419K, committed 4672K, reserved 1048576K
}
Event: 2886.699 GC heap after
{Heap after GC invocations=1850 (full 0):
 garbage-first heap   total 794624K, used 181408K [0x0000000702e00000, 0x0000000800000000)
  region size 2048K, 8 young (16384K), 8 survivors (16384K)
 Metaspace       used 37665K, committed 38144K, reserved 1089536K
  class space    used 4419K, committed 4672K, reserved 1048576K
}
Event: 2889.608 GC heap before
{Heap before GC invocations=1850 (full 0):
 garbage-first heap   total 794624K, used 316576K [0x0000000702e00000, 0x0000000800000000)
  region size 2048K, 30 young (61440K), 8 survivors (16384K)
 Metaspace       used 37665K, committed 38144K, reserved 1089536K
  class space    used 4419K, committed 4672K, reserved 1048576K
}
Event: 2889.611 GC heap after
{Heap after GC invocations=1851 (full 0):
 garbage-first heap   total 794624K, used 179873K [0x0000000702e00000, 0x0000000800000000)
  region size 2048K, 6 young (12288K), 6 survivors (12288K)
 Metaspace       used 37665K, committed 38144K, reserved 1089536K
  class space    used 4419K, committed 4672K, reserved 1048576K
}
Event: 2890.143 GC heap before
{Heap before GC invocations=1851 (full 0):
 garbage-first heap   total 794624K, used 315041K [0x0000000702e00000, 0x0000000800000000)
  region size 2048K, 28 young (57344K), 6 survivors (12288K)
 Metaspace       used 37665K, committed 38144K, reserved 1089536K
  class space    used 4419K, committed 4672K, reserved 1048576K
}
Event: 2890.146 GC heap after
{Heap after GC invocations=1852 (full 0):
 garbage-first heap   total 794624K, used 179569K [0x0000000702e00000, 0x0000000800000000)
  region size 2048K, 6 young (12288K), 6 survivors (12288K)
 Metaspace       used 37665K, committed 38144K, reserved 1089536K
  class space    used 4419K, committed 4672K, reserved 1048576K
}
Event: 2894.717 GC heap before
{Heap before GC invocations=1852 (full 0):
 garbage-first heap   total 794624K, used 523633K [0x0000000702e00000, 0x0000000800000000)
  region size 2048K, 131 young (268288K), 6 survivors (12288K)
 Metaspace       used 37665K, committed 38144K, reserved 1089536K
  class space    used 4419K, committed 4672K, reserved 1048576K
}
Event: 2894.721 GC heap after
{Heap after GC invocations=1853 (full 0):
 garbage-first heap   total 794624K, used 183541K [0x0000000702e00000, 0x0000000800000000)
  region size 2048K, 8 young (16384K), 8 survivors (16384K)
 Metaspace       used 37665K, committed 38144K, reserved 1089536K
  class space    used 4419K, committed 4672K, reserved 1048576K
}
Event: 2895.344 GC heap before
{Heap before GC invocations=1853 (full 0):
 garbage-first heap   total 794624K, used 292085K [0x0000000702e00000, 0x0000000800000000)
  region size 2048K, 17 young (34816K), 8 survivors (16384K)
 Metaspace       used 37665K, committed 38144K, reserved 1089536K
  class space    used 4419K, committed 4672K, reserved 1048576K
}
Event: 2895.347 GC heap after
{Heap after GC invocations=1854 (full 0):
 garbage-first heap   total 794624K, used 182487K [0x0000000702e00000, 0x0000000800000000)
  region size 2048K, 7 young (14336K), 7 survivors (14336K)
 Metaspace       used 37665K, committed 38144K, reserved 1089536K
  class space    used 4419K, committed 4672K, reserved 1048576K
}
Event: 2896.030 GC heap before
{Heap before GC invocations=1854 (full 0):
 garbage-first heap   total 794624K, used 301271K [0x0000000702e00000, 0x0000000800000000)
  region size 2048K, 21 young (43008K), 7 survivors (14336K)
 Metaspace       used 37665K, committed 38144K, reserved 1089536K
  class space    used 4419K, committed 4672K, reserved 1048576K
}
Event: 2896.033 GC heap after
{Heap after GC invocations=1855 (full 0):
 garbage-first heap   total 794624K, used 181709K [0x0000000702e00000, 0x0000000800000000)
  region size 2048K, 7 young (14336K), 7 survivors (14336K)
 Metaspace       used 37665K, committed 38144K, reserved 1089536K
  class space    used 4419K, committed 4672K, reserved 1048576K
}

